<?xml version="1.0" encoding="UTF-8"?>
<!-- Generated by org.testng.reporters.JUnitReportReporter -->
<testsuite hostname="MOL" failures="0" tests="1" name="com.websparks.tests.TestTodoLists" time="33.591" errors="0" timestamp="21 Jan 2021 00:09:17 GMT" skipped="0">
  <testcase classname="com.websparks.tests.TestTodoLists" name="testAuthenticatedAddingAndRemovingTodoLists" time="33.591"/>
</testsuite> <!-- com.websparks.tests.TestTodoLists -->
