<?xml version="1.0" encoding="UTF-8"?>
<!-- Generated by org.testng.reporters.JUnitReportReporter -->
<testsuite hostname="MOL" failures="0" tests="1" name="com.websparks.tests.TestTodoList" time="16.744" errors="0" timestamp="20 Jan 2021 01:19:26 GMT" skipped="0">
  <testcase classname="com.websparks.tests.TestTodoList" name="testAuthenticatedAddingAndRemovingTodoList" time="16.744"/>
</testsuite> <!-- com.websparks.tests.TestTodoList -->
